# JRE version: OpenJDK Runtime Environment (8.0_242-b01) (build 1.8.0_242-release-1644-b01)
# Java VM: OpenJDK 64-Bit Server VM (25.242-b01 mixed mode windows-amd64 compressed oops)
Heap:
 PSYoungGen      total 300544K, used 290198K [0x00000000d5580000, 0x00000000ea300000, 0x0000000100000000)
  eden space 264704K, 100% used [0x00000000d5580000,0x00000000e5800000,0x00000000e5800000)
  from space 35840K, 71% used [0x00000000e8000000,0x00000000e98e5b38,0x00000000ea300000)
  to   space 38400K, 31% used [0x00000000e5800000,0x00000000e63e7090,0x00000000e7d80000)
 ParOldGen       total 219136K, used 61737K [0x0000000080000000, 0x000000008d600000, 0x00000000d5580000)
  object space 219136K, 28% used [0x0000000080000000,0x0000000083c4a4e0,0x000000008d600000)
 Metaspace       used 91592K, capacity 96600K, committed 96920K, reserved 1132544K
  class space    used 12213K, capacity 13146K, committed 13232K, reserved 1048576K
GC Heap History (10 events):
Event: 8.218 GC heap after
Heap after GC invocations=13 (full 3):
 PSYoungGen      total 211968K, used 0K [0x00000000d5580000, 0x00000000e4f80000, 0x0000000100000000)
  eden space 194560K, 0% used [0x00000000d5580000,0x00000000d5580000,0x00000000e1380000)
  from space 17408K, 0% used [0x00000000e2600000,0x00000000e2600000,0x00000000e3700000)
  to   space 18944K, 0% used [0x00000000e1380000,0x00000000e1380000,0x00000000e2600000)
 ParOldGen       total 219136K, used 31076K [0x0000000080000000, 0x000000008d600000, 0x00000000d5580000)
  object space 219136K, 14% used [0x0000000080000000,0x0000000081e59208,0x000000008d600000)
 Metaspace       used 56705K, capacity 58978K, committed 59160K, reserved 1099776K
  class space    used 7762K, capacity 8220K, committed 8240K, reserved 1048576K
}
Event: 11.636 GC heap before
{Heap before GC invocations=14 (full 3):
 PSYoungGen      total 211968K, used 194560K [0x00000000d5580000, 0x00000000e4f80000, 0x0000000100000000)
  eden space 194560K, 100% used [0x00000000d5580000,0x00000000e1380000,0x00000000e1380000)
  from space 17408K, 0% used [0x00000000e2600000,0x00000000e2600000,0x00000000e3700000)
  to   space 18944K, 0% used [0x00000000e1380000,0x00000000e1380000,0x00000000e2600000)
 ParOldGen       total 219136K, used 31076K [0x0000000080000000, 0x000000008d600000, 0x00000000d5580000)
  object space 219136K, 14% used [0x0000000080000000,0x0000000081e59208,0x000000008d600000)
 Metaspace       used 66115K, capacity 69022K, committed 69144K, reserved 1107968K
  class space    used 9125K, capacity 9692K, committed 9776K, reserved 1048576K
Event: 11.657 GC heap after
Heap after GC invocations=14 (full 3):
 PSYoungGen      total 213504K, used 16745K [0x00000000d5580000, 0x00000000e5e80000, 0x0000000100000000)
  eden space 194560K, 0% used [0x00000000d5580000,0x00000000d5580000,0x00000000e1380000)
  from space 18944K, 88% used [0x00000000e1380000,0x00000000e23da520,0x00000000e2600000)
  to   space 20480K, 0% used [0x00000000e4a80000,0x00000000e4a80000,0x00000000e5e80000)
 ParOldGen       total 219136K, used 31084K [0x0000000080000000, 0x000000008d600000, 0x00000000d5580000)
  object space 219136K, 14% used [0x0000000080000000,0x0000000081e5b208,0x000000008d600000)
 Metaspace       used 66115K, capacity 69022K, committed 69144K, reserved 1107968K
  class space    used 9125K, capacity 9692K, committed 9776K, reserved 1048576K
}
Event: 15.886 GC heap before
{Heap before GC invocations=15 (full 3):
 PSYoungGen      total 213504K, used 211305K [0x00000000d5580000, 0x00000000e5e80000, 0x0000000100000000)
  eden space 194560K, 100% used [0x00000000d5580000,0x00000000e1380000,0x00000000e1380000)
  from space 18944K, 88% used [0x00000000e1380000,0x00000000e23da520,0x00000000e2600000)
  to   space 20480K, 0% used [0x00000000e4a80000,0x00000000e4a80000,0x00000000e5e80000)
 ParOldGen       total 219136K, used 31084K [0x0000000080000000, 0x000000008d600000, 0x00000000d5580000)
  object space 219136K, 14% used [0x0000000080000000,0x0000000081e5b208,0x000000008d600000)
 Metaspace       used 71706K, capacity 74988K, committed 75288K, reserved 1114112K
  class space    used 9799K, capacity 10450K, committed 10544K, reserved 1048576K
Event: 15.904 GC heap after
Heap after GC invocations=15 (full 3):
 PSYoungGen      total 246272K, used 20461K [0x00000000d5580000, 0x00000000e6100000, 0x0000000100000000)
  eden space 225792K, 0% used [0x00000000d5580000,0x00000000d5580000,0x00000000e3200000)
  from space 20480K, 99% used [0x00000000e4a80000,0x00000000e5e7b550,0x00000000e5e80000)
  to   space 24064K, 0% used [0x00000000e3200000,0x00000000e3200000,0x00000000e4980000)
 ParOldGen       total 219136K, used 34306K [0x0000000080000000, 0x000000008d600000, 0x00000000d5580000)
  object space 219136K, 15% used [0x0000000080000000,0x00000000821808d8,0x000000008d600000)
 Metaspace       used 71706K, capacity 74988K, committed 75288K, reserved 1114112K
  class space    used 9799K, capacity 10450K, committed 10544K, reserved 1048576K
}
Event: 18.416 GC heap before
{Heap before GC invocations=16 (full 3):
 PSYoungGen      total 246272K, used 246253K [0x00000000d5580000, 0x00000000e6100000, 0x0000000100000000)
  eden space 225792K, 100% used [0x00000000d5580000,0x00000000e3200000,0x00000000e3200000)
  from space 20480K, 99% used [0x00000000e4a80000,0x00000000e5e7b550,0x00000000e5e80000)
  to   space 24064K, 0% used [0x00000000e3200000,0x00000000e3200000,0x00000000e4980000)
 ParOldGen       total 219136K, used 34306K [0x0000000080000000, 0x000000008d600000, 0x00000000d5580000)
  object space 219136K, 15% used [0x0000000080000000,0x00000000821808d8,0x000000008d600000)
 Metaspace       used 83933K, capacity 88258K, committed 88344K, reserved 1126400K
  class space    used 11504K, capacity 12333K, committed 12336K, reserved 1048576K
Event: 18.472 GC heap after
Heap after GC invocations=16 (full 3):
 PSYoungGen      total 249856K, used 24045K [0x00000000d5580000, 0x00000000ea480000, 0x0000000100000000)
  eden space 225792K, 0% used [0x00000000d5580000,0x00000000d5580000,0x00000000e3200000)
  from space 24064K, 99% used [0x00000000e3200000,0x00000000e497b450,0x00000000e4980000)
  to   space 37376K, 0% used [0x00000000e8000000,0x00000000e8000000,0x00000000ea480000)
 ParOldGen       total 219136K, used 61729K [0x0000000080000000, 0x000000008d600000, 0x00000000d5580000)
  object space 219136K, 28% used [0x0000000080000000,0x0000000083c484e0,0x000000008d600000)
 Metaspace       used 83933K, capacity 88258K, committed 88344K, reserved 1126400K
  class space    used 11504K, capacity 12333K, committed 12336K, reserved 1048576K
}
Event: 21.261 GC heap before
{Heap before GC invocations=17 (full 3):
 PSYoungGen      total 249856K, used 249837K [0x00000000d5580000, 0x00000000ea480000, 0x0000000100000000)
  eden space 225792K, 100% used [0x00000000d5580000,0x00000000e3200000,0x00000000e3200000)
  from space 24064K, 99% used [0x00000000e3200000,0x00000000e497b450,0x00000000e4980000)
  to   space 37376K, 0% used [0x00000000e8000000,0x00000000e8000000,0x00000000ea480000)
 ParOldGen       total 219136K, used 61729K [0x0000000080000000, 0x000000008d600000, 0x00000000d5580000)
  object space 219136K, 28% used [0x0000000080000000,0x0000000083c484e0,0x000000008d600000)
 Metaspace       used 86356K, capacity 90898K, committed 91032K, reserved 1128448K
  class space    used 11834K, capacity 12701K, committed 12720K, reserved 1048576K
Event: 21.282 GC heap after
Heap after GC invocations=17 (full 3):
 PSYoungGen      total 300544K, used 25494K [0x00000000d5580000, 0x00000000ea300000, 0x0000000100000000)
  eden space 264704K, 0% used [0x00000000d5580000,0x00000000d5580000,0x00000000e5800000)
  from space 35840K, 71% used [0x00000000e8000000,0x00000000e98e5b38,0x00000000ea300000)
  to   space 38400K, 0% used [0x00000000e5800000,0x00000000e5800000,0x00000000e7d80000)
 ParOldGen       total 219136K, used 61737K [0x0000000080000000, 0x000000008d600000, 0x00000000d5580000)
  object space 219136K, 28% used [0x0000000080000000,0x0000000083c4a4e0,0x000000008d600000)
 Metaspace       used 86356K, capacity 90898K, committed 91032K, reserved 1128448K
  class space    used 11834K, capacity 12701K, committed 12720K, reserved 1048576K
}
Event: 99.833 GC heap before
{Heap before GC invocations=18 (full 3):
 PSYoungGen      total 300544K, used 290198K [0x00000000d5580000, 0x00000000ea300000, 0x0000000100000000)
  eden space 264704K, 100% used [0x00000000d5580000,0x00000000e5800000,0x00000000e5800000)
  from space 35840K, 71% used [0x00000000e8000000,0x00000000e98e5b38,0x00000000ea300000)
  to   space 38400K, 0% used [0x00000000e5800000,0x00000000e5800000,0x00000000e7d80000)
 ParOldGen       total 219136K, used 61737K [0x0000000080000000, 0x000000008d600000, 0x00000000d5580000)
  object space 219136K, 28% used [0x0000000080000000,0x0000000083c4a4e0,0x000000008d600000)
 Metaspace       used 91592K, capacity 96600K, committed 96920K, reserved 1132544K
  class space    used 12213K, capacity 13146K, committed 13232K, reserved 1048576K

