# JRE version: OpenJDK Runtime Environment (8.0_242-b01) (build 1.8.0_242-release-1644-b01)
# Java VM: OpenJDK 64-Bit Server VM (25.242-b01 mixed mode windows-amd64 compressed oops)
Heap:
 PSYoungGen      total 357888K, used 131194K [0x00000000d5580000, 0x00000000edf80000, 0x0000000100000000)
  eden space 331776K, 31% used [0x00000000d5580000,0x00000000dbc202a0,0x00000000e9980000)
  from space 26112K, 99% used [0x00000000eba80000,0x00000000ed3fe8a0,0x00000000ed400000)
  to   space 33792K, 0% used [0x00000000e9980000,0x00000000e9980000,0x00000000eba80000)
 ParOldGen       total 237568K, used 48039K [0x0000000080000000, 0x000000008e800000, 0x00000000d5580000)
  object space 237568K, 20% used [0x0000000080000000,0x0000000082ee9e00,0x000000008e800000)
 Metaspace       used 75741K, capacity 79488K, committed 79640K, reserved 1118208K
  class space    used 10023K, capacity 10717K, committed 10800K, reserved 1048576K
GC Heap History (10 events):
Event: 5.273 GC heap before
{Heap before GC invocations=9 (full 2):
 PSYoungGen      total 221696K, used 205824K [0x00000000d5580000, 0x00000000e3d80000, 0x0000000100000000)
  eden space 205824K, 100% used [0x00000000d5580000,0x00000000e1e80000,0x00000000e1e80000)
  from space 15872K, 0% used [0x00000000e2d00000,0x00000000e2d00000,0x00000000e3c80000)
  to   space 14848K, 0% used [0x00000000e1e80000,0x00000000e1e80000,0x00000000e2d00000)
 ParOldGen       total 155648K, used 14594K [0x0000000080000000, 0x0000000089800000, 0x00000000d5580000)
  object space 155648K, 9% used [0x0000000080000000,0x0000000080e408c8,0x0000000089800000)
 Metaspace       used 45509K, capacity 47304K, committed 47528K, reserved 1089536K
  class space    used 6162K, capacity 6512K, committed 6576K, reserved 1048576K
Event: 5.288 GC heap after
Heap after GC invocations=9 (full 2):
 PSYoungGen      total 220672K, used 14826K [0x00000000d5580000, 0x00000000e9c00000, 0x0000000100000000)
  eden space 205824K, 0% used [0x00000000d5580000,0x00000000d5580000,0x00000000e1e80000)
  from space 14848K, 99% used [0x00000000e1e80000,0x00000000e2cfab78,0x00000000e2d00000)
  to   space 17920K, 0% used [0x00000000e8a80000,0x00000000e8a80000,0x00000000e9c00000)
 ParOldGen       total 155648K, used 16391K [0x0000000080000000, 0x0000000089800000, 0x00000000d5580000)
  object space 155648K, 10% used [0x0000000080000000,0x0000000081001fc8,0x0000000089800000)
 Metaspace       used 45509K, capacity 47304K, committed 47528K, reserved 1089536K
  class space    used 6162K, capacity 6512K, committed 6576K, reserved 1048576K
}
Event: 7.000 GC heap before
{Heap before GC invocations=10 (full 2):
 PSYoungGen      total 220672K, used 148397K [0x00000000d5580000, 0x00000000e9c00000, 0x0000000100000000)
  eden space 205824K, 64% used [0x00000000d5580000,0x00000000dd7f0b58,0x00000000e1e80000)
  from space 14848K, 99% used [0x00000000e1e80000,0x00000000e2cfab78,0x00000000e2d00000)
  to   space 17920K, 0% used [0x00000000e8a80000,0x00000000e8a80000,0x00000000e9c00000)
 ParOldGen       total 155648K, used 16391K [0x0000000080000000, 0x0000000089800000, 0x00000000d5580000)
  object space 155648K, 10% used [0x0000000080000000,0x0000000081001fc8,0x0000000089800000)
 Metaspace       used 56726K, capacity 59058K, committed 59160K, reserved 1099776K
  class space    used 7767K, capacity 8230K, committed 8240K, reserved 1048576K
Event: 7.021 GC heap after
Heap after GC invocations=10 (full 2):
 PSYoungGen      total 310784K, used 17895K [0x00000000d5580000, 0x00000000ea280000, 0x0000000100000000)
  eden space 292864K, 0% used [0x00000000d5580000,0x00000000d5580000,0x00000000e7380000)
  from space 17920K, 99% used [0x00000000e8a80000,0x00000000e9bf9fc0,0x00000000e9c00000)
  to   space 23552K, 0% used [0x00000000e7380000,0x00000000e7380000,0x00000000e8a80000)
 ParOldGen       total 155648K, used 23022K [0x0000000080000000, 0x0000000089800000, 0x00000000d5580000)
  object space 155648K, 14% used [0x0000000080000000,0x000000008167b988,0x0000000089800000)
 Metaspace       used 56726K, capacity 59058K, committed 59160K, reserved 1099776K
  class space    used 7767K, capacity 8230K, committed 8240K, reserved 1048576K
}
Event: 7.021 GC heap before
{Heap before GC invocations=11 (full 3):
 PSYoungGen      total 310784K, used 17895K [0x00000000d5580000, 0x00000000ea280000, 0x0000000100000000)
  eden space 292864K, 0% used [0x00000000d5580000,0x00000000d5580000,0x00000000e7380000)
  from space 17920K, 99% used [0x00000000e8a80000,0x00000000e9bf9fc0,0x00000000e9c00000)
  to   space 23552K, 0% used [0x00000000e7380000,0x00000000e7380000,0x00000000e8a80000)
 ParOldGen       total 155648K, used 23022K [0x0000000080000000, 0x0000000089800000, 0x00000000d5580000)
  object space 155648K, 14% used [0x0000000080000000,0x000000008167b988,0x0000000089800000)
 Metaspace       used 56726K, capacity 59058K, committed 59160K, reserved 1099776K
  class space    used 7767K, capacity 8230K, committed 8240K, reserved 1048576K
Event: 7.260 GC heap after
Heap after GC invocations=11 (full 3):
 PSYoungGen      total 310784K, used 0K [0x00000000d5580000, 0x00000000ea280000, 0x0000000100000000)
  eden space 292864K, 0% used [0x00000000d5580000,0x00000000d5580000,0x00000000e7380000)
  from space 17920K, 0% used [0x00000000e8a80000,0x00000000e8a80000,0x00000000e9c00000)
  to   space 23552K, 0% used [0x00000000e7380000,0x00000000e7380000,0x00000000e8a80000)
 ParOldGen       total 237568K, used 36228K [0x0000000080000000, 0x000000008e800000, 0x00000000d5580000)
  object space 237568K, 15% used [0x0000000080000000,0x0000000082361000,0x000000008e800000)
 Metaspace       used 56708K, capacity 58998K, committed 59160K, reserved 1099776K
  class space    used 7761K, capacity 8220K, committed 8240K, reserved 1048576K
}
Event: 12.084 GC heap before
{Heap before GC invocations=12 (full 3):
 PSYoungGen      total 310784K, used 292864K [0x00000000d5580000, 0x00000000ea280000, 0x0000000100000000)
  eden space 292864K, 100% used [0x00000000d5580000,0x00000000e7380000,0x00000000e7380000)
  from space 17920K, 0% used [0x00000000e8a80000,0x00000000e8a80000,0x00000000e9c00000)
  to   space 23552K, 0% used [0x00000000e7380000,0x00000000e7380000,0x00000000e8a80000)
 ParOldGen       total 237568K, used 36228K [0x0000000080000000, 0x000000008e800000, 0x00000000d5580000)
  object space 237568K, 15% used [0x0000000080000000,0x0000000082361000,0x000000008e800000)
 Metaspace       used 67213K, capacity 70426K, committed 70680K, reserved 1110016K
  class space    used 9031K, capacity 9664K, committed 9776K, reserved 1048576K
Event: 12.102 GC heap after
Heap after GC invocations=12 (full 3):
 PSYoungGen      total 316416K, used 22004K [0x00000000d5580000, 0x00000000ed400000, 0x0000000100000000)
  eden space 292864K, 0% used [0x00000000d5580000,0x00000000d5580000,0x00000000e7380000)
  from space 23552K, 93% used [0x00000000e7380000,0x00000000e88fd120,0x00000000e8a80000)
  to   space 26112K, 0% used [0x00000000eba80000,0x00000000eba80000,0x00000000ed400000)
 ParOldGen       total 237568K, used 36236K [0x0000000080000000, 0x000000008e800000, 0x00000000d5580000)
  object space 237568K, 15% used [0x0000000080000000,0x0000000082363000,0x000000008e800000)
 Metaspace       used 67213K, capacity 70426K, committed 70680K, reserved 1110016K
  class space    used 9031K, capacity 9664K, committed 9776K, reserved 1048576K
}
Event: 15.221 GC heap before
{Heap before GC invocations=13 (full 3):
 PSYoungGen      total 316416K, used 314868K [0x00000000d5580000, 0x00000000ed400000, 0x0000000100000000)
  eden space 292864K, 100% used [0x00000000d5580000,0x00000000e7380000,0x00000000e7380000)
  from space 23552K, 93% used [0x00000000e7380000,0x00000000e88fd120,0x00000000e8a80000)
  to   space 26112K, 0% used [0x00000000eba80000,0x00000000eba80000,0x00000000ed400000)
 ParOldGen       total 237568K, used 36236K [0x0000000080000000, 0x000000008e800000, 0x00000000d5580000)
  object space 237568K, 15% used [0x0000000080000000,0x0000000082363000,0x000000008e800000)
 Metaspace       used 74220K, capacity 77818K, committed 77976K, reserved 1116160K
  class space    used 9882K, capacity 10552K, committed 10672K, reserved 1048576K
Event: 15.247 GC heap after
Heap after GC invocations=13 (full 3):
 PSYoungGen      total 357888K, used 26106K [0x00000000d5580000, 0x00000000edf80000, 0x0000000100000000)
  eden space 331776K, 0% used [0x00000000d5580000,0x00000000d5580000,0x00000000e9980000)
  from space 26112K, 99% used [0x00000000eba80000,0x00000000ed3fe8a0,0x00000000ed400000)
  to   space 33792K, 0% used [0x00000000e9980000,0x00000000e9980000,0x00000000eba80000)
 ParOldGen       total 237568K, used 48039K [0x0000000080000000, 0x000000008e800000, 0x00000000d5580000)
  object space 237568K, 20% used [0x0000000080000000,0x0000000082ee9e00,0x000000008e800000)
 Metaspace       used 74220K, capacity 77818K, committed 77976K, reserved 1116160K
  class space    used 9882K, capacity 10552K, committed 10672K, reserved 1048576K
}

