# JRE version: OpenJDK Runtime Environment (8.0_242-b01) (build 1.8.0_242-release-1644-b01)
# Java VM: OpenJDK 64-Bit Server VM (25.242-b01 mixed mode windows-amd64 compressed oops)
Heap:
 PSYoungGen      total 75776K, used 73624K [0x00000000d5580000, 0x00000000dd480000, 0x0000000100000000)
  eden space 65024K, 100% used [0x00000000d5580000,0x00000000d9500000,0x00000000d9500000)
  from space 10752K, 79% used [0x00000000d9500000,0x00000000d9d66140,0x00000000d9f80000)
  to   space 12288K, 74% used [0x00000000dc880000,0x00000000dd1783f8,0x00000000dd480000)
 ParOldGen       total 95744K, used 7195K [0x0000000080000000, 0x0000000085d80000, 0x00000000d5580000)
  object space 95744K, 7% used [0x0000000080000000,0x0000000080706ea8,0x0000000085d80000)
 Metaspace       used 32957K, capacity 34108K, committed 34352K, reserved 1079296K
  class space    used 4513K, capacity 4789K, committed 4912K, reserved 1048576K
GC Heap History (10 events):
Event: 1.858 GC heap after
Heap after GC invocations=2 (full 0):
 PSYoungGen      total 75776K, used 9019K [0x00000000d5580000, 0x00000000daa00000, 0x0000000100000000)
  eden space 65024K, 0% used [0x00000000d5580000,0x00000000d5580000,0x00000000d9500000)
  from space 10752K, 83% used [0x00000000d9f80000,0x00000000da84eca8,0x00000000daa00000)
  to   space 10752K, 0% used [0x00000000d9500000,0x00000000d9500000,0x00000000d9f80000)
 ParOldGen       total 173568K, used 24K [0x0000000080000000, 0x000000008a980000, 0x00000000d5580000)
  object space 173568K, 0% used [0x0000000080000000,0x0000000080006020,0x000000008a980000)
 Metaspace       used 14194K, capacity 14640K, committed 14976K, reserved 1062912K
  class space    used 1959K, capacity 2088K, committed 2176K, reserved 1048576K
}
Event: 2.447 GC heap before
{Heap before GC invocations=3 (full 0):
 PSYoungGen      total 75776K, used 74043K [0x00000000d5580000, 0x00000000daa00000, 0x0000000100000000)
  eden space 65024K, 100% used [0x00000000d5580000,0x00000000d9500000,0x00000000d9500000)
  from space 10752K, 83% used [0x00000000d9f80000,0x00000000da84eca8,0x00000000daa00000)
  to   space 10752K, 0% used [0x00000000d9500000,0x00000000d9500000,0x00000000d9f80000)
 ParOldGen       total 173568K, used 32K [0x0000000080000000, 0x000000008a980000, 0x00000000d5580000)
  object space 173568K, 0% used [0x0000000080000000,0x0000000080008210,0x000000008a980000)
 Metaspace       used 20002K, capacity 20674K, committed 20992K, reserved 1067008K
  class space    used 2787K, capacity 2979K, committed 3072K, reserved 1048576K
Event: 2.456 GC heap after
Heap after GC invocations=3 (full 0):
 PSYoungGen      total 75776K, used 10726K [0x00000000d5580000, 0x00000000daa00000, 0x0000000100000000)
  eden space 65024K, 0% used [0x00000000d5580000,0x00000000d5580000,0x00000000d9500000)
  from space 10752K, 99% used [0x00000000d9500000,0x00000000d9f79a08,0x00000000d9f80000)
  to   space 10752K, 0% used [0x00000000d9f80000,0x00000000d9f80000,0x00000000daa00000)
 ParOldGen       total 173568K, used 933K [0x0000000080000000, 0x000000008a980000, 0x00000000d5580000)
  object space 173568K, 0% used [0x0000000080000000,0x00000000800e9498,0x000000008a980000)
 Metaspace       used 20002K, capacity 20674K, committed 20992K, reserved 1067008K
  class space    used 2787K, capacity 2979K, committed 3072K, reserved 1048576K
}
Event: 2.528 GC heap before
{Heap before GC invocations=4 (full 0):
 PSYoungGen      total 75776K, used 20894K [0x00000000d5580000, 0x00000000daa00000, 0x0000000100000000)
  eden space 65024K, 15% used [0x00000000d5580000,0x00000000d5f6e1b0,0x00000000d9500000)
  from space 10752K, 99% used [0x00000000d9500000,0x00000000d9f79a08,0x00000000d9f80000)
  to   space 10752K, 0% used [0x00000000d9f80000,0x00000000d9f80000,0x00000000daa00000)
 ParOldGen       total 173568K, used 933K [0x0000000080000000, 0x000000008a980000, 0x00000000d5580000)
  object space 173568K, 0% used [0x0000000080000000,0x00000000800e9498,0x000000008a980000)
 Metaspace       used 20571K, capacity 21224K, committed 21296K, reserved 1067008K
  class space    used 2877K, capacity 3076K, committed 3120K, reserved 1048576K
Event: 2.533 GC heap after
Heap after GC invocations=4 (full 0):
 PSYoungGen      total 75776K, used 7311K [0x00000000d5580000, 0x00000000de980000, 0x0000000100000000)
  eden space 65024K, 0% used [0x00000000d5580000,0x00000000d5580000,0x00000000d9500000)
  from space 10752K, 68% used [0x00000000d9f80000,0x00000000da6a3fb0,0x00000000daa00000)
  to   space 10752K, 0% used [0x00000000d9500000,0x00000000d9500000,0x00000000d9f80000)
 ParOldGen       total 173568K, used 941K [0x0000000080000000, 0x000000008a980000, 0x00000000d5580000)
  object space 173568K, 0% used [0x0000000080000000,0x00000000800eb498,0x000000008a980000)
 Metaspace       used 20571K, capacity 21224K, committed 21296K, reserved 1067008K
  class space    used 2877K, capacity 3076K, committed 3120K, reserved 1048576K
}
Event: 2.533 GC heap before
{Heap before GC invocations=5 (full 1):
 PSYoungGen      total 75776K, used 7311K [0x00000000d5580000, 0x00000000de980000, 0x0000000100000000)
  eden space 65024K, 0% used [0x00000000d5580000,0x00000000d5580000,0x00000000d9500000)
  from space 10752K, 68% used [0x00000000d9f80000,0x00000000da6a3fb0,0x00000000daa00000)
  to   space 10752K, 0% used [0x00000000d9500000,0x00000000d9500000,0x00000000d9f80000)
 ParOldGen       total 173568K, used 941K [0x0000000080000000, 0x000000008a980000, 0x00000000d5580000)
  object space 173568K, 0% used [0x0000000080000000,0x00000000800eb498,0x000000008a980000)
 Metaspace       used 20571K, capacity 21224K, committed 21296K, reserved 1067008K
  class space    used 2877K, capacity 3076K, committed 3120K, reserved 1048576K
Event: 2.562 GC heap after
Heap after GC invocations=5 (full 1):
 PSYoungGen      total 75776K, used 0K [0x00000000d5580000, 0x00000000de980000, 0x0000000100000000)
  eden space 65024K, 0% used [0x00000000d5580000,0x00000000d5580000,0x00000000d9500000)
  from space 10752K, 0% used [0x00000000d9f80000,0x00000000d9f80000,0x00000000daa00000)
  to   space 10752K, 0% used [0x00000000d9500000,0x00000000d9500000,0x00000000d9f80000)
 ParOldGen       total 95744K, used 7170K [0x0000000080000000, 0x0000000085d80000, 0x00000000d5580000)
  object space 95744K, 7% used [0x0000000080000000,0x0000000080700a90,0x0000000085d80000)
 Metaspace       used 20571K, capacity 21224K, committed 21296K, reserved 1067008K
  class space    used 2877K, capacity 3076K, committed 3120K, reserved 1048576K
}
Event: 3.200 GC heap before
{Heap before GC invocations=6 (full 1):
 PSYoungGen      total 75776K, used 65024K [0x00000000d5580000, 0x00000000de980000, 0x0000000100000000)
  eden space 65024K, 100% used [0x00000000d5580000,0x00000000d9500000,0x00000000d9500000)
  from space 10752K, 0% used [0x00000000d9f80000,0x00000000d9f80000,0x00000000daa00000)
  to   space 10752K, 0% used [0x00000000d9500000,0x00000000d9500000,0x00000000d9f80000)
 ParOldGen       total 95744K, used 7170K [0x0000000080000000, 0x0000000085d80000, 0x00000000d5580000)
  object space 95744K, 7% used [0x0000000080000000,0x0000000080700ab0,0x0000000085d80000)
 Metaspace       used 28823K, capacity 29696K, committed 29872K, reserved 1075200K
  class space    used 3998K, capacity 4227K, committed 4272K, reserved 1048576K
Event: 3.205 GC heap after
Heap after GC invocations=6 (full 1):
 PSYoungGen      total 75776K, used 8600K [0x00000000d5580000, 0x00000000dd480000, 0x0000000100000000)
  eden space 65024K, 0% used [0x00000000d5580000,0x00000000d5580000,0x00000000d9500000)
  from space 10752K, 79% used [0x00000000d9500000,0x00000000d9d66140,0x00000000d9f80000)
  to   space 12288K, 0% used [0x00000000dc880000,0x00000000dc880000,0x00000000dd480000)
 ParOldGen       total 95744K, used 7178K [0x0000000080000000, 0x0000000085d80000, 0x00000000d5580000)
  object space 95744K, 7% used [0x0000000080000000,0x0000000080702ab0,0x0000000085d80000)
 Metaspace       used 28823K, capacity 29696K, committed 29872K, reserved 1075200K
  class space    used 3998K, capacity 4227K, committed 4272K, reserved 1048576K
}
Event: 3.716 GC heap before
{Heap before GC invocations=7 (full 1):
 PSYoungGen      total 75776K, used 73624K [0x00000000d5580000, 0x00000000dd480000, 0x0000000100000000)
  eden space 65024K, 100% used [0x00000000d5580000,0x00000000d9500000,0x00000000d9500000)
  from space 10752K, 79% used [0x00000000d9500000,0x00000000d9d66140,0x00000000d9f80000)
  to   space 12288K, 0% used [0x00000000dc880000,0x00000000dc880000,0x00000000dd480000)
 ParOldGen       total 95744K, used 7187K [0x0000000080000000, 0x0000000085d80000, 0x00000000d5580000)
  object space 95744K, 7% used [0x0000000080000000,0x0000000080704ea8,0x0000000085d80000)
 Metaspace       used 32957K, capacity 34108K, committed 34352K, reserved 1079296K
  class space    used 4513K, capacity 4789K, committed 4912K, reserved 1048576K

