# JRE version: OpenJDK Runtime Environment (8.0_242-b01) (build 1.8.0_242-release-1644-b01)
# Java VM: OpenJDK 64-Bit Server VM (25.242-b01 mixed mode windows-amd64 compressed oops)
Heap:
 PSYoungGen      total 344064K, used 344042K [0x00000000d5580000, 0x00000000eff80000, 0x0000000100000000)
  eden space 320512K, 100% used [0x00000000d5580000,0x00000000e8e80000,0x00000000e8e80000)
  from space 23552K, 99% used [0x00000000e8e80000,0x00000000ea57a8f0,0x00000000ea580000)
  to   space 28672K, 99% used [0x00000000ee380000,0x00000000eff78330,0x00000000eff80000)
 ParOldGen       total 213504K, used 52615K [0x0000000080000000, 0x000000008d080000, 0x00000000d5580000)
  object space 213504K, 24% used [0x0000000080000000,0x0000000083361e28,0x000000008d080000)
 Metaspace       used 83585K, capacity 88010K, committed 88216K, reserved 1124352K
  class space    used 11504K, capacity 12345K, committed 12464K, reserved 1048576K
GC Heap History (10 events):
Event: 3.897 GC heap after
Heap after GC invocations=8 (full 2):
 PSYoungGen      total 233472K, used 0K [0x00000000d5580000, 0x00000000e4c00000, 0x0000000100000000)
  eden space 217600K, 0% used [0x00000000d5580000,0x00000000d5580000,0x00000000e2a00000)
  from space 15872K, 0% used [0x00000000e3900000,0x00000000e3900000,0x00000000e4880000)
  to   space 15360K, 0% used [0x00000000e2a00000,0x00000000e2a00000,0x00000000e3900000)
 ParOldGen       total 141312K, used 14625K [0x0000000080000000, 0x0000000088a00000, 0x00000000d5580000)
  object space 141312K, 10% used [0x0000000080000000,0x0000000080e48420,0x0000000088a00000)
 Metaspace       used 34349K, capacity 35404K, committed 35496K, reserved 1079296K
  class space    used 4734K, capacity 5003K, committed 5040K, reserved 1048576K
}
Event: 5.363 GC heap before
{Heap before GC invocations=9 (full 2):
 PSYoungGen      total 233472K, used 217600K [0x00000000d5580000, 0x00000000e4c00000, 0x0000000100000000)
  eden space 217600K, 100% used [0x00000000d5580000,0x00000000e2a00000,0x00000000e2a00000)
  from space 15872K, 0% used [0x00000000e3900000,0x00000000e3900000,0x00000000e4880000)
  to   space 15360K, 0% used [0x00000000e2a00000,0x00000000e2a00000,0x00000000e3900000)
 ParOldGen       total 141312K, used 14625K [0x0000000080000000, 0x0000000088a00000, 0x00000000d5580000)
  object space 141312K, 10% used [0x0000000080000000,0x0000000080e48420,0x0000000088a00000)
 Metaspace       used 46241K, capacity 47994K, committed 48168K, reserved 1091584K
  class space    used 6266K, capacity 6625K, committed 6704K, reserved 1048576K
Event: 5.380 GC heap after
Heap after GC invocations=9 (full 2):
 PSYoungGen      total 232960K, used 15350K [0x00000000d5580000, 0x00000000eb780000, 0x0000000100000000)
  eden space 217600K, 0% used [0x00000000d5580000,0x00000000d5580000,0x00000000e2a00000)
  from space 15360K, 99% used [0x00000000e2a00000,0x00000000e38fd800,0x00000000e3900000)
  to   space 18432K, 0% used [0x00000000ea580000,0x00000000ea580000,0x00000000eb780000)
 ParOldGen       total 141312K, used 16894K [0x0000000080000000, 0x0000000088a00000, 0x00000000d5580000)
  object space 141312K, 11% used [0x0000000080000000,0x000000008107fb28,0x0000000088a00000)
 Metaspace       used 46241K, capacity 47994K, committed 48168K, reserved 1091584K
  class space    used 6266K, capacity 6625K, committed 6704K, reserved 1048576K
}
Event: 6.668 GC heap before
{Heap before GC invocations=10 (full 2):
 PSYoungGen      total 232960K, used 142066K [0x00000000d5580000, 0x00000000eb780000, 0x0000000100000000)
  eden space 217600K, 58% used [0x00000000d5580000,0x00000000dd13f120,0x00000000e2a00000)
  from space 15360K, 99% used [0x00000000e2a00000,0x00000000e38fd800,0x00000000e3900000)
  to   space 18432K, 0% used [0x00000000ea580000,0x00000000ea580000,0x00000000eb780000)
 ParOldGen       total 141312K, used 16894K [0x0000000080000000, 0x0000000088a00000, 0x00000000d5580000)
  object space 141312K, 11% used [0x0000000080000000,0x000000008107fb28,0x0000000088a00000)
 Metaspace       used 56727K, capacity 59060K, committed 59160K, reserved 1099776K
  class space    used 7769K, capacity 8235K, committed 8240K, reserved 1048576K
Event: 6.689 GC heap after
Heap after GC invocations=10 (full 2):
 PSYoungGen      total 338944K, used 18415K [0x00000000d5580000, 0x00000000ebe00000, 0x0000000100000000)
  eden space 320512K, 0% used [0x00000000d5580000,0x00000000d5580000,0x00000000e8e80000)
  from space 18432K, 99% used [0x00000000ea580000,0x00000000eb77be48,0x00000000eb780000)
  to   space 23552K, 0% used [0x00000000e8e80000,0x00000000e8e80000,0x00000000ea580000)
 ParOldGen       total 141312K, used 22520K [0x0000000080000000, 0x0000000088a00000, 0x00000000d5580000)
  object space 141312K, 15% used [0x0000000080000000,0x00000000815fe388,0x0000000088a00000)
 Metaspace       used 56727K, capacity 59060K, committed 59160K, reserved 1099776K
  class space    used 7769K, capacity 8235K, committed 8240K, reserved 1048576K
}
Event: 6.689 GC heap before
{Heap before GC invocations=11 (full 3):
 PSYoungGen      total 338944K, used 18415K [0x00000000d5580000, 0x00000000ebe00000, 0x0000000100000000)
  eden space 320512K, 0% used [0x00000000d5580000,0x00000000d5580000,0x00000000e8e80000)
  from space 18432K, 99% used [0x00000000ea580000,0x00000000eb77be48,0x00000000eb780000)
  to   space 23552K, 0% used [0x00000000e8e80000,0x00000000e8e80000,0x00000000ea580000)
 ParOldGen       total 141312K, used 22520K [0x0000000080000000, 0x0000000088a00000, 0x00000000d5580000)
  object space 141312K, 15% used [0x0000000080000000,0x00000000815fe388,0x0000000088a00000)
 Metaspace       used 56727K, capacity 59060K, committed 59160K, reserved 1099776K
  class space    used 7769K, capacity 8235K, committed 8240K, reserved 1048576K
Event: 6.904 GC heap after
Heap after GC invocations=11 (full 3):
 PSYoungGen      total 338944K, used 0K [0x00000000d5580000, 0x00000000ebe00000, 0x0000000100000000)
  eden space 320512K, 0% used [0x00000000d5580000,0x00000000d5580000,0x00000000e8e80000)
  from space 18432K, 0% used [0x00000000ea580000,0x00000000ea580000,0x00000000eb780000)
  to   space 23552K, 0% used [0x00000000e8e80000,0x00000000e8e80000,0x00000000ea580000)
 ParOldGen       total 213504K, used 35775K [0x0000000080000000, 0x000000008d080000, 0x00000000d5580000)
  object space 213504K, 16% used [0x0000000080000000,0x00000000822efe80,0x000000008d080000)
 Metaspace       used 56700K, capacity 58970K, committed 59160K, reserved 1099776K
  class space    used 7761K, capacity 8220K, committed 8240K, reserved 1048576K
}
Event: 10.726 GC heap before
{Heap before GC invocations=12 (full 3):
 PSYoungGen      total 338944K, used 320512K [0x00000000d5580000, 0x00000000ebe00000, 0x0000000100000000)
  eden space 320512K, 100% used [0x00000000d5580000,0x00000000e8e80000,0x00000000e8e80000)
  from space 18432K, 0% used [0x00000000ea580000,0x00000000ea580000,0x00000000eb780000)
  to   space 23552K, 0% used [0x00000000e8e80000,0x00000000e8e80000,0x00000000ea580000)
 ParOldGen       total 213504K, used 35775K [0x0000000080000000, 0x000000008d080000, 0x00000000d5580000)
  object space 213504K, 16% used [0x0000000080000000,0x00000000822efe80,0x000000008d080000)
 Metaspace       used 68762K, capacity 72092K, committed 72344K, reserved 1112064K
  class space    used 9442K, capacity 10071K, committed 10160K, reserved 1048576K
Event: 10.746 GC heap after
Heap after GC invocations=12 (full 3):
 PSYoungGen      total 344064K, used 23530K [0x00000000d5580000, 0x00000000eff80000, 0x0000000100000000)
  eden space 320512K, 0% used [0x00000000d5580000,0x00000000d5580000,0x00000000e8e80000)
  from space 23552K, 99% used [0x00000000e8e80000,0x00000000ea57a8f0,0x00000000ea580000)
  to   space 28672K, 0% used [0x00000000ee380000,0x00000000ee380000,0x00000000eff80000)
 ParOldGen       total 213504K, used 39571K [0x0000000080000000, 0x000000008d080000, 0x00000000d5580000)
  object space 213504K, 18% used [0x0000000080000000,0x00000000826a4c88,0x000000008d080000)
 Metaspace       used 68762K, capacity 72092K, committed 72344K, reserved 1112064K
  class space    used 9442K, capacity 10071K, committed 10160K, reserved 1048576K
}
Event: 13.172 GC heap before
{Heap before GC invocations=13 (full 3):
 PSYoungGen      total 344064K, used 344042K [0x00000000d5580000, 0x00000000eff80000, 0x0000000100000000)
  eden space 320512K, 100% used [0x00000000d5580000,0x00000000e8e80000,0x00000000e8e80000)
  from space 23552K, 99% used [0x00000000e8e80000,0x00000000ea57a8f0,0x00000000ea580000)
  to   space 28672K, 0% used [0x00000000ee380000,0x00000000ee380000,0x00000000eff80000)
 ParOldGen       total 213504K, used 39571K [0x0000000080000000, 0x000000008d080000, 0x00000000d5580000)
  object space 213504K, 18% used [0x0000000080000000,0x00000000826a4c88,0x000000008d080000)
 Metaspace       used 83585K, capacity 88010K, committed 88216K, reserved 1124352K
  class space    used 11504K, capacity 12345K, committed 12464K, reserved 1048576K

