# JRE version: OpenJDK Runtime Environment (8.0_242-b01) (build 1.8.0_242-release-1644-b01)
# Java VM: OpenJDK 64-Bit Server VM (25.242-b01 mixed mode windows-amd64 compressed oops)
Heap:
 PSYoungGen      total 635392K, used 341815K [0x00000000d5580000, 0x0000000100000000, 0x0000000100000000)
  eden space 592384K, 52% used [0x00000000d5580000,0x00000000e85339f8,0x00000000f9800000)
  from space 43008K, 71% used [0x00000000fd600000,0x00000000ff41a538,0x0000000100000000)
  to   space 53248K, 0% used [0x00000000f9800000,0x00000000f9800000,0x00000000fcc00000)
 ParOldGen       total 315904K, used 92439K [0x0000000080000000, 0x0000000093480000, 0x00000000d5580000)
  object space 315904K, 29% used [0x0000000080000000,0x0000000085a45fc8,0x0000000093480000)
 Metaspace       used 98509K, capacity 104386K, committed 104728K, reserved 1140736K
  class space    used 12684K, capacity 13720K, committed 13872K, reserved 1048576K
GC Heap History (10 events):
Event: 32.500 GC heap before
{Heap before GC invocations=28 (full 3):
 PSYoungGen      total 656384K, used 620881K [0x00000000d5580000, 0x0000000100000000, 0x0000000100000000)
  eden space 615424K, 100% used [0x00000000d5580000,0x00000000fae80000,0x00000000fae80000)
  from space 40960K, 13% used [0x00000000fd600000,0x00000000fdb54600,0x00000000ffe00000)
  to   space 40448K, 0% used [0x00000000fae80000,0x00000000fae80000,0x00000000fd600000)
 ParOldGen       total 225792K, used 136480K [0x0000000080000000, 0x000000008dc80000, 0x00000000d5580000)
  object space 225792K, 60% used [0x0000000080000000,0x0000000088548270,0x000000008dc80000)
 Metaspace       used 90818K, capacity 96362K, committed 96664K, reserved 1132544K
  class space    used 12195K, capacity 13189K, committed 13232K, reserved 1048576K
Event: 32.523 GC heap after
Heap after GC invocations=28 (full 3):
 PSYoungGen      total 655872K, used 12029K [0x00000000d5580000, 0x00000000ffb80000, 0x0000000100000000)
  eden space 615424K, 0% used [0x00000000d5580000,0x00000000d5580000,0x00000000fae80000)
  from space 40448K, 29% used [0x00000000fae80000,0x00000000fba3f728,0x00000000fd600000)
  to   space 38400K, 0% used [0x00000000fd600000,0x00000000fd600000,0x00000000ffb80000)
 ParOldGen       total 225792K, used 137484K [0x0000000080000000, 0x000000008dc80000, 0x00000000d5580000)
  object space 225792K, 60% used [0x0000000080000000,0x0000000088643070,0x000000008dc80000)
 Metaspace       used 90818K, capacity 96362K, committed 96664K, reserved 1132544K
  class space    used 12195K, capacity 13189K, committed 13232K, reserved 1048576K
}
Event: 33.404 GC heap before
{Heap before GC invocations=29 (full 3):
 PSYoungGen      total 655872K, used 153094K [0x00000000d5580000, 0x00000000ffb80000, 0x0000000100000000)
  eden space 615424K, 22% used [0x00000000d5580000,0x00000000ddf421f0,0x00000000fae80000)
  from space 40448K, 29% used [0x00000000fae80000,0x00000000fba3f728,0x00000000fd600000)
  to   space 38400K, 0% used [0x00000000fd600000,0x00000000fd600000,0x00000000ffb80000)
 ParOldGen       total 225792K, used 137484K [0x0000000080000000, 0x000000008dc80000, 0x00000000d5580000)
  object space 225792K, 60% used [0x0000000080000000,0x0000000088643070,0x000000008dc80000)
 Metaspace       used 92739K, capacity 98546K, committed 98600K, reserved 1134592K
  class space    used 12432K, capacity 13459K, committed 13488K, reserved 1048576K
Event: 33.417 GC heap after
Heap after GC invocations=29 (full 3):
 PSYoungGen      total 655872K, used 13138K [0x00000000d5580000, 0x00000000ff900000, 0x0000000100000000)
  eden space 620032K, 0% used [0x00000000d5580000,0x00000000d5580000,0x00000000fb300000)
  from space 35840K, 36% used [0x00000000fd600000,0x00000000fe2d49c0,0x00000000ff900000)
  to   space 35840K, 0% used [0x00000000fb300000,0x00000000fb300000,0x00000000fd600000)
 ParOldGen       total 225792K, used 137492K [0x0000000080000000, 0x000000008dc80000, 0x00000000d5580000)
  object space 225792K, 60% used [0x0000000080000000,0x0000000088645070,0x000000008dc80000)
 Metaspace       used 92739K, capacity 98546K, committed 98600K, reserved 1134592K
  class space    used 12432K, capacity 13459K, committed 13488K, reserved 1048576K
}
Event: 33.417 GC heap before
{Heap before GC invocations=30 (full 4):
 PSYoungGen      total 655872K, used 13138K [0x00000000d5580000, 0x00000000ff900000, 0x0000000100000000)
  eden space 620032K, 0% used [0x00000000d5580000,0x00000000d5580000,0x00000000fb300000)
  from space 35840K, 36% used [0x00000000fd600000,0x00000000fe2d49c0,0x00000000ff900000)
  to   space 35840K, 0% used [0x00000000fb300000,0x00000000fb300000,0x00000000fd600000)
 ParOldGen       total 225792K, used 137492K [0x0000000080000000, 0x000000008dc80000, 0x00000000d5580000)
  object space 225792K, 60% used [0x0000000080000000,0x0000000088645070,0x000000008dc80000)
 Metaspace       used 92739K, capacity 98546K, committed 98600K, reserved 1134592K
  class space    used 12432K, capacity 13459K, committed 13488K, reserved 1048576K
Event: 33.587 GC heap after
Heap after GC invocations=30 (full 4):
 PSYoungGen      total 655872K, used 0K [0x00000000d5580000, 0x00000000ff900000, 0x0000000100000000)
  eden space 620032K, 0% used [0x00000000d5580000,0x00000000d5580000,0x00000000fb300000)
  from space 35840K, 0% used [0x00000000fd600000,0x00000000fd600000,0x00000000ff900000)
  to   space 35840K, 0% used [0x00000000fb300000,0x00000000fb300000,0x00000000fd600000)
 ParOldGen       total 315904K, used 63715K [0x0000000080000000, 0x0000000093480000, 0x00000000d5580000)
  object space 315904K, 20% used [0x0000000080000000,0x0000000083e38f28,0x0000000093480000)
 Metaspace       used 92134K, capacity 96904K, committed 98600K, reserved 1134592K
  class space    used 12227K, capacity 13096K, committed 13488K, reserved 1048576K
}
Event: 2893.131 GC heap before
{Heap before GC invocations=31 (full 4):
 PSYoungGen      total 655872K, used 620032K [0x00000000d5580000, 0x00000000ff900000, 0x0000000100000000)
  eden space 620032K, 100% used [0x00000000d5580000,0x00000000fb300000,0x00000000fb300000)
  from space 35840K, 0% used [0x00000000fd600000,0x00000000fd600000,0x00000000ff900000)
  to   space 35840K, 0% used [0x00000000fb300000,0x00000000fb300000,0x00000000fd600000)
 ParOldGen       total 315904K, used 63715K [0x0000000080000000, 0x0000000093480000, 0x00000000d5580000)
  object space 315904K, 20% used [0x0000000080000000,0x0000000083e38f28,0x0000000093480000)
 Metaspace       used 96765K, capacity 101974K, committed 103192K, reserved 1138688K
  class space    used 12582K, capacity 13518K, committed 13872K, reserved 1048576K
Event: 2893.262 GC heap after
Heap after GC invocations=31 (full 4):
 PSYoungGen      total 655872K, used 35836K [0x00000000d5580000, 0x0000000100000000, 0x0000000100000000)
  eden space 620032K, 0% used [0x00000000d5580000,0x00000000d5580000,0x00000000fb300000)
  from space 35840K, 99% used [0x00000000fb300000,0x00000000fd5ff240,0x00000000fd600000)
  to   space 43008K, 0% used [0x00000000fd600000,0x00000000fd600000,0x0000000100000000)
 ParOldGen       total 315904K, used 92431K [0x0000000080000000, 0x0000000093480000, 0x00000000d5580000)
  object space 315904K, 29% used [0x0000000080000000,0x0000000085a43fc8,0x0000000093480000)
 Metaspace       used 96765K, capacity 101974K, committed 103192K, reserved 1138688K
  class space    used 12582K, capacity 13518K, committed 13872K, reserved 1048576K
}
Event: 3129.908 GC heap before
{Heap before GC invocations=32 (full 4):
 PSYoungGen      total 655872K, used 655868K [0x00000000d5580000, 0x0000000100000000, 0x0000000100000000)
  eden space 620032K, 100% used [0x00000000d5580000,0x00000000fb300000,0x00000000fb300000)
  from space 35840K, 99% used [0x00000000fb300000,0x00000000fd5ff240,0x00000000fd600000)
  to   space 43008K, 0% used [0x00000000fd600000,0x00000000fd600000,0x0000000100000000)
 ParOldGen       total 315904K, used 92431K [0x0000000080000000, 0x0000000093480000, 0x00000000d5580000)
  object space 315904K, 29% used [0x0000000080000000,0x0000000085a43fc8,0x0000000093480000)
 Metaspace       used 98101K, capacity 103838K, committed 104216K, reserved 1140736K
  class space    used 12668K, capacity 13694K, committed 13872K, reserved 1048576K
Event: 3129.964 GC heap after
Heap after GC invocations=32 (full 4):
 PSYoungGen      total 635392K, used 30825K [0x00000000d5580000, 0x0000000100000000, 0x0000000100000000)
  eden space 592384K, 0% used [0x00000000d5580000,0x00000000d5580000,0x00000000f9800000)
  from space 43008K, 71% used [0x00000000fd600000,0x00000000ff41a538,0x0000000100000000)
  to   space 53248K, 0% used [0x00000000f9800000,0x00000000f9800000,0x00000000fcc00000)
 ParOldGen       total 315904K, used 92439K [0x0000000080000000, 0x0000000093480000, 0x00000000d5580000)
  object space 315904K, 29% used [0x0000000080000000,0x0000000085a45fc8,0x0000000093480000)
 Metaspace       used 98101K, capacity 103838K, committed 104216K, reserved 1140736K
  class space    used 12668K, capacity 13694K, committed 13872K, reserved 1048576K
}

