# JRE version: OpenJDK Runtime Environment (8.0_242-b01) (build 1.8.0_242-release-1644-b01)
# Java VM: OpenJDK 64-Bit Server VM (25.242-b01 mixed mode windows-amd64 compressed oops)
Heap:
 PSYoungGen      total 229376K, used 191807K [0x00000000d5580000, 0x00000000e4800000, 0x0000000100000000)
  eden space 213504K, 89% used [0x00000000d5580000,0x00000000e10cff20,0x00000000e2600000)
  from space 15872K, 0% used [0x00000000e3500000,0x00000000e3500000,0x00000000e4480000)
  to   space 15360K, 0% used [0x00000000e2600000,0x00000000e2600000,0x00000000e3500000)
 ParOldGen       total 142848K, used 14589K [0x0000000080000000, 0x0000000088b80000, 0x00000000d5580000)
  object space 142848K, 10% used [0x0000000080000000,0x0000000080e3f638,0x0000000088b80000)
 Metaspace       used 44324K, capacity 46156K, committed 46376K, reserved 1089536K
  class space    used 6029K, capacity 6396K, committed 6448K, reserved 1048576K
GC Heap History (10 events):
Event: 2.490 GC heap before
{Heap before GC invocations=4 (full 0):
 PSYoungGen      total 75776K, used 21645K [0x00000000d5580000, 0x00000000de980000, 0x0000000100000000)
  eden space 65024K, 16% used [0x00000000d5580000,0x00000000d602b5b0,0x00000000d9500000)
  from space 10752K, 99% used [0x00000000d9500000,0x00000000d9f78068,0x00000000d9f80000)
  to   space 10752K, 0% used [0x00000000ddf00000,0x00000000ddf00000,0x00000000de980000)
 ParOldGen       total 173568K, used 876K [0x0000000080000000, 0x000000008a980000, 0x00000000d5580000)
  object space 173568K, 0% used [0x0000000080000000,0x00000000800db0c0,0x000000008a980000)
 Metaspace       used 20592K, capacity 21224K, committed 21296K, reserved 1067008K
  class space    used 2882K, capacity 3076K, committed 3120K, reserved 1048576K
Event: 2.497 GC heap after
Heap after GC invocations=4 (full 0):
 PSYoungGen      total 140800K, used 7446K [0x00000000d5580000, 0x00000000de980000, 0x0000000100000000)
  eden space 130048K, 0% used [0x00000000d5580000,0x00000000d5580000,0x00000000dd480000)
  from space 10752K, 69% used [0x00000000ddf00000,0x00000000de645888,0x00000000de980000)
  to   space 10752K, 0% used [0x00000000dd480000,0x00000000dd480000,0x00000000ddf00000)
 ParOldGen       total 173568K, used 884K [0x0000000080000000, 0x000000008a980000, 0x00000000d5580000)
  object space 173568K, 0% used [0x0000000080000000,0x00000000800dd0c0,0x000000008a980000)
 Metaspace       used 20592K, capacity 21224K, committed 21296K, reserved 1067008K
  class space    used 2882K, capacity 3076K, committed 3120K, reserved 1048576K
}
Event: 2.497 GC heap before
{Heap before GC invocations=5 (full 1):
 PSYoungGen      total 140800K, used 7446K [0x00000000d5580000, 0x00000000de980000, 0x0000000100000000)
  eden space 130048K, 0% used [0x00000000d5580000,0x00000000d5580000,0x00000000dd480000)
  from space 10752K, 69% used [0x00000000ddf00000,0x00000000de645888,0x00000000de980000)
  to   space 10752K, 0% used [0x00000000dd480000,0x00000000dd480000,0x00000000ddf00000)
 ParOldGen       total 173568K, used 884K [0x0000000080000000, 0x000000008a980000, 0x00000000d5580000)
  object space 173568K, 0% used [0x0000000080000000,0x00000000800dd0c0,0x000000008a980000)
 Metaspace       used 20592K, capacity 21224K, committed 21296K, reserved 1067008K
  class space    used 2882K, capacity 3076K, committed 3120K, reserved 1048576K
Event: 2.529 GC heap after
Heap after GC invocations=5 (full 1):
 PSYoungGen      total 140800K, used 0K [0x00000000d5580000, 0x00000000de980000, 0x0000000100000000)
  eden space 130048K, 0% used [0x00000000d5580000,0x00000000d5580000,0x00000000dd480000)
  from space 10752K, 0% used [0x00000000ddf00000,0x00000000ddf00000,0x00000000de980000)
  to   space 10752K, 0% used [0x00000000dd480000,0x00000000dd480000,0x00000000ddf00000)
 ParOldGen       total 94720K, used 7259K [0x0000000080000000, 0x0000000085c80000, 0x00000000d5580000)
  object space 94720K, 7% used [0x0000000080000000,0x0000000080716f38,0x0000000085c80000)
 Metaspace       used 20592K, capacity 21224K, committed 21296K, reserved 1067008K
  class space    used 2882K, capacity 3076K, committed 3120K, reserved 1048576K
}
Event: 3.606 GC heap before
{Heap before GC invocations=6 (full 1):
 PSYoungGen      total 140800K, used 130048K [0x00000000d5580000, 0x00000000de980000, 0x0000000100000000)
  eden space 130048K, 100% used [0x00000000d5580000,0x00000000dd480000,0x00000000dd480000)
  from space 10752K, 0% used [0x00000000ddf00000,0x00000000ddf00000,0x00000000de980000)
  to   space 10752K, 0% used [0x00000000dd480000,0x00000000dd480000,0x00000000ddf00000)
 ParOldGen       total 94720K, used 7259K [0x0000000080000000, 0x0000000085c80000, 0x00000000d5580000)
  object space 94720K, 7% used [0x0000000080000000,0x0000000080716f38,0x0000000085c80000)
 Metaspace       used 32773K, capacity 33796K, committed 33968K, reserved 1079296K
  class space    used 4483K, capacity 4750K, committed 4784K, reserved 1048576K
Event: 3.617 GC heap after
Heap after GC invocations=6 (full 1):
 PSYoungGen      total 140800K, used 10744K [0x00000000d5580000, 0x00000000e4480000, 0x0000000100000000)
  eden space 130048K, 0% used [0x00000000d5580000,0x00000000d5580000,0x00000000dd480000)
  from space 10752K, 99% used [0x00000000dd480000,0x00000000ddefe268,0x00000000ddf00000)
  to   space 15872K, 0% used [0x00000000e3500000,0x00000000e3500000,0x00000000e4480000)
 ParOldGen       total 94720K, used 10630K [0x0000000080000000, 0x0000000085c80000, 0x00000000d5580000)
  object space 94720K, 11% used [0x0000000080000000,0x0000000080a61aa8,0x0000000085c80000)
 Metaspace       used 32773K, capacity 33796K, committed 33968K, reserved 1079296K
  class space    used 4483K, capacity 4750K, committed 4784K, reserved 1048576K
}
Event: 3.791 GC heap before
{Heap before GC invocations=7 (full 1):
 PSYoungGen      total 140800K, used 42212K [0x00000000d5580000, 0x00000000e4480000, 0x0000000100000000)
  eden space 130048K, 24% used [0x00000000d5580000,0x00000000d743b180,0x00000000dd480000)
  from space 10752K, 99% used [0x00000000dd480000,0x00000000ddefe268,0x00000000ddf00000)
  to   space 15872K, 0% used [0x00000000e3500000,0x00000000e3500000,0x00000000e4480000)
 ParOldGen       total 94720K, used 10630K [0x0000000080000000, 0x0000000085c80000, 0x00000000d5580000)
  object space 94720K, 11% used [0x0000000080000000,0x0000000080a61aa8,0x0000000085c80000)
 Metaspace       used 34351K, capacity 35420K, committed 35496K, reserved 1079296K
  class space    used 4732K, capacity 5003K, committed 5040K, reserved 1048576K
Event: 3.798 GC heap after
Heap after GC invocations=7 (full 1):
 PSYoungGen      total 229376K, used 8204K [0x00000000d5580000, 0x00000000e4800000, 0x0000000100000000)
  eden space 213504K, 0% used [0x00000000d5580000,0x00000000d5580000,0x00000000e2600000)
  from space 15872K, 51% used [0x00000000e3500000,0x00000000e3d03118,0x00000000e4480000)
  to   space 15360K, 0% used [0x00000000e2600000,0x00000000e2600000,0x00000000e3500000)
 ParOldGen       total 94720K, used 10638K [0x0000000080000000, 0x0000000085c80000, 0x00000000d5580000)
  object space 94720K, 11% used [0x0000000080000000,0x0000000080a63aa8,0x0000000085c80000)
 Metaspace       used 34351K, capacity 35420K, committed 35496K, reserved 1079296K
  class space    used 4732K, capacity 5003K, committed 5040K, reserved 1048576K
}
Event: 3.798 GC heap before
{Heap before GC invocations=8 (full 2):
 PSYoungGen      total 229376K, used 8204K [0x00000000d5580000, 0x00000000e4800000, 0x0000000100000000)
  eden space 213504K, 0% used [0x00000000d5580000,0x00000000d5580000,0x00000000e2600000)
  from space 15872K, 51% used [0x00000000e3500000,0x00000000e3d03118,0x00000000e4480000)
  to   space 15360K, 0% used [0x00000000e2600000,0x00000000e2600000,0x00000000e3500000)
 ParOldGen       total 94720K, used 10638K [0x0000000080000000, 0x0000000085c80000, 0x00000000d5580000)
  object space 94720K, 11% used [0x0000000080000000,0x0000000080a63aa8,0x0000000085c80000)
 Metaspace       used 34351K, capacity 35420K, committed 35496K, reserved 1079296K
  class space    used 4732K, capacity 5003K, committed 5040K, reserved 1048576K
Event: 3.835 GC heap after
Heap after GC invocations=8 (full 2):
 PSYoungGen      total 229376K, used 0K [0x00000000d5580000, 0x00000000e4800000, 0x0000000100000000)
  eden space 213504K, 0% used [0x00000000d5580000,0x00000000d5580000,0x00000000e2600000)
  from space 15872K, 0% used [0x00000000e3500000,0x00000000e3500000,0x00000000e4480000)
  to   space 15360K, 0% used [0x00000000e2600000,0x00000000e2600000,0x00000000e3500000)
 ParOldGen       total 142848K, used 14589K [0x0000000080000000, 0x0000000088b80000, 0x00000000d5580000)
  object space 142848K, 10% used [0x0000000080000000,0x0000000080e3f638,0x0000000088b80000)
 Metaspace       used 34351K, capacity 35420K, committed 35496K, reserved 1079296K
  class space    used 4732K, capacity 5003K, committed 5040K, reserved 1048576K
}

