# JRE version: OpenJDK Runtime Environment (8.0_242-b01) (build 1.8.0_242-release-1644-b01)
# Java VM: OpenJDK 64-Bit Server VM (25.242-b01 mixed mode windows-amd64 compressed oops)
Heap:
 PSYoungGen      total 440320K, used 162761K [0x00000000d5580000, 0x00000000f7580000, 0x0000000100000000)
  eden space 381952K, 27% used [0x00000000d5580000,0x00000000dbb75678,0x00000000eca80000)
  from space 58368K, 99% used [0x00000000f1b00000,0x00000000f53fcf30,0x00000000f5400000)
  to   space 82432K, 9% used [0x00000000eca80000,0x00000000ed219de0,0x00000000f1b00000)
 ParOldGen       total 210944K, used 184474K [0x0000000080000000, 0x000000008ce00000, 0x00000000d5580000)
  object space 210944K, 87% used [0x0000000080000000,0x000000008b4269d8,0x000000008ce00000)
 Metaspace       used 92832K, capacity 98426K, committed 98584K, reserved 1134592K
  class space    used 12235K, capacity 13265K, committed 13360K, reserved 1048576K
GC Heap History (10 events):
Event: 19.330 GC heap after
Heap after GC invocations=13 (full 3):
 PSYoungGen      total 403456K, used 28158K [0x00000000d5580000, 0x00000000f0900000, 0x0000000100000000)
  eden space 375296K, 0% used [0x00000000d5580000,0x00000000d5580000,0x00000000ec400000)
  from space 28160K, 99% used [0x00000000ee780000,0x00000000f02ff9f8,0x00000000f0300000)
  to   space 35328K, 0% used [0x00000000ec400000,0x00000000ec400000,0x00000000ee680000)
 ParOldGen       total 210944K, used 47189K [0x0000000080000000, 0x000000008ce00000, 0x00000000d5580000)
  object space 210944K, 22% used [0x0000000080000000,0x0000000082e15410,0x000000008ce00000)
 Metaspace       used 74811K, capacity 78388K, committed 78488K, reserved 1118208K
  class space    used 9946K, capacity 10601K, committed 10672K, reserved 1048576K
}
Event: 356.263 GC heap before
{Heap before GC invocations=14 (full 3):
 PSYoungGen      total 403456K, used 403454K [0x00000000d5580000, 0x00000000f0900000, 0x0000000100000000)
  eden space 375296K, 100% used [0x00000000d5580000,0x00000000ec400000,0x00000000ec400000)
  from space 28160K, 99% used [0x00000000ee780000,0x00000000f02ff9f8,0x00000000f0300000)
  to   space 35328K, 0% used [0x00000000ec400000,0x00000000ec400000,0x00000000ee680000)
 ParOldGen       total 210944K, used 47189K [0x0000000080000000, 0x000000008ce00000, 0x00000000d5580000)
  object space 210944K, 22% used [0x0000000080000000,0x0000000082e15410,0x000000008ce00000)
 Metaspace       used 81451K, capacity 85452K, committed 85784K, reserved 1124352K
  class space    used 10704K, capacity 11454K, committed 11568K, reserved 1048576K
Event: 356.304 GC heap after
Heap after GC invocations=14 (full 3):
 PSYoungGen      total 410624K, used 30369K [0x00000000d5580000, 0x00000000f4200000, 0x0000000100000000)
  eden space 375296K, 0% used [0x00000000d5580000,0x00000000d5580000,0x00000000ec400000)
  from space 35328K, 85% used [0x00000000ec400000,0x00000000ee1a8798,0x00000000ee680000)
  to   space 38400K, 0% used [0x00000000f1c80000,0x00000000f1c80000,0x00000000f4200000)
 ParOldGen       total 210944K, used 64847K [0x0000000080000000, 0x000000008ce00000, 0x00000000d5580000)
  object space 210944K, 30% used [0x0000000080000000,0x0000000083f53f98,0x000000008ce00000)
 Metaspace       used 81451K, capacity 85452K, committed 85784K, reserved 1124352K
  class space    used 10704K, capacity 11454K, committed 11568K, reserved 1048576K
}
Event: 365.184 GC heap before
{Heap before GC invocations=15 (full 3):
 PSYoungGen      total 410624K, used 405665K [0x00000000d5580000, 0x00000000f4200000, 0x0000000100000000)
  eden space 375296K, 100% used [0x00000000d5580000,0x00000000ec400000,0x00000000ec400000)
  from space 35328K, 85% used [0x00000000ec400000,0x00000000ee1a8798,0x00000000ee680000)
  to   space 38400K, 0% used [0x00000000f1c80000,0x00000000f1c80000,0x00000000f4200000)
 ParOldGen       total 210944K, used 64847K [0x0000000080000000, 0x000000008ce00000, 0x00000000d5580000)
  object space 210944K, 30% used [0x0000000080000000,0x0000000083f53f98,0x000000008ce00000)
 Metaspace       used 91231K, capacity 96430K, committed 96664K, reserved 1132544K
  class space    used 12155K, capacity 13115K, committed 13232K, reserved 1048576K
Event: 365.220 GC heap after
Heap after GC invocations=15 (full 3):
 PSYoungGen      total 456704K, used 27711K [0x00000000d5580000, 0x00000000f3f80000, 0x0000000100000000)
  eden space 420864K, 0% used [0x00000000d5580000,0x00000000d5580000,0x00000000ef080000)
  from space 35840K, 77% used [0x00000000f1c80000,0x00000000f378ffb8,0x00000000f3f80000)
  to   space 40448K, 0% used [0x00000000ef080000,0x00000000ef080000,0x00000000f1800000)
 ParOldGen       total 210944K, used 64863K [0x0000000080000000, 0x000000008ce00000, 0x00000000d5580000)
  object space 210944K, 30% used [0x0000000080000000,0x0000000083f57f98,0x000000008ce00000)
 Metaspace       used 91231K, capacity 96430K, committed 96664K, reserved 1132544K
  class space    used 12155K, capacity 13115K, committed 13232K, reserved 1048576K
}
Event: 424.935 GC heap before
{Heap before GC invocations=16 (full 3):
 PSYoungGen      total 456704K, used 448454K [0x00000000d5580000, 0x00000000f3f80000, 0x0000000100000000)
  eden space 420864K, 99% used [0x00000000d5580000,0x00000000ef061900,0x00000000ef080000)
  from space 35840K, 77% used [0x00000000f1c80000,0x00000000f378ffb8,0x00000000f3f80000)
  to   space 40448K, 0% used [0x00000000ef080000,0x00000000ef080000,0x00000000f1800000)
 ParOldGen       total 210944K, used 64863K [0x0000000080000000, 0x000000008ce00000, 0x00000000d5580000)
  object space 210944K, 30% used [0x0000000080000000,0x0000000083f57f98,0x000000008ce00000)
 Metaspace       used 92035K, capacity 97332K, committed 97688K, reserved 1134592K
  class space    used 12180K, capacity 13154K, committed 13232K, reserved 1048576K
Event: 425.003 GC heap after
Heap after GC invocations=16 (full 3):
 PSYoungGen      total 446464K, used 40423K [0x00000000d5580000, 0x00000000f5400000, 0x0000000100000000)
  eden space 406016K, 0% used [0x00000000d5580000,0x00000000d5580000,0x00000000ee200000)
  from space 40448K, 99% used [0x00000000ef080000,0x00000000f17f9d28,0x00000000f1800000)
  to   space 58368K, 0% used [0x00000000f1b00000,0x00000000f1b00000,0x00000000f5400000)
 ParOldGen       total 210944K, used 97017K [0x0000000080000000, 0x000000008ce00000, 0x00000000d5580000)
  object space 210944K, 45% used [0x0000000080000000,0x0000000085ebe780,0x000000008ce00000)
 Metaspace       used 92035K, capacity 97332K, committed 97688K, reserved 1134592K
  class space    used 12180K, capacity 13154K, committed 13232K, reserved 1048576K
}
Event: 544.576 GC heap before
{Heap before GC invocations=17 (full 3):
 PSYoungGen      total 446464K, used 446439K [0x00000000d5580000, 0x00000000f5400000, 0x0000000100000000)
  eden space 406016K, 100% used [0x00000000d5580000,0x00000000ee200000,0x00000000ee200000)
  from space 40448K, 99% used [0x00000000ef080000,0x00000000f17f9d28,0x00000000f1800000)
  to   space 58368K, 0% used [0x00000000f1b00000,0x00000000f1b00000,0x00000000f5400000)
 ParOldGen       total 210944K, used 97017K [0x0000000080000000, 0x000000008ce00000, 0x00000000d5580000)
  object space 210944K, 45% used [0x0000000080000000,0x0000000085ebe780,0x000000008ce00000)
 Metaspace       used 92602K, capacity 98170K, committed 98200K, reserved 1134592K
  class space    used 12221K, capacity 13227K, committed 13232K, reserved 1048576K
Event: 544.646 GC heap after
Heap after GC invocations=17 (full 3):
 PSYoungGen      total 440320K, used 58355K [0x00000000d5580000, 0x00000000f7580000, 0x0000000100000000)
  eden space 381952K, 0% used [0x00000000d5580000,0x00000000d5580000,0x00000000eca80000)
  from space 58368K, 99% used [0x00000000f1b00000,0x00000000f53fcf30,0x00000000f5400000)
  to   space 82432K, 0% used [0x00000000eca80000,0x00000000eca80000,0x00000000f1b00000)
 ParOldGen       total 210944K, used 137500K [0x0000000080000000, 0x000000008ce00000, 0x00000000d5580000)
  object space 210944K, 65% used [0x0000000080000000,0x0000000088647340,0x000000008ce00000)
 Metaspace       used 92602K, capacity 98170K, committed 98200K, reserved 1134592K
  class space    used 12221K, capacity 13227K, committed 13232K, reserved 1048576K
}
Event: 593.870 GC heap before
{Heap before GC invocations=18 (full 3):
 PSYoungGen      total 440320K, used 162761K [0x00000000d5580000, 0x00000000f7580000, 0x0000000100000000)
  eden space 381952K, 27% used [0x00000000d5580000,0x00000000dbb75678,0x00000000eca80000)
  from space 58368K, 99% used [0x00000000f1b00000,0x00000000f53fcf30,0x00000000f5400000)
  to   space 82432K, 0% used [0x00000000eca80000,0x00000000eca80000,0x00000000f1b00000)
 ParOldGen       total 210944K, used 137500K [0x0000000080000000, 0x000000008ce00000, 0x00000000d5580000)
  object space 210944K, 65% used [0x0000000080000000,0x0000000088647340,0x000000008ce00000)
 Metaspace       used 92832K, capacity 98426K, committed 98584K, reserved 1134592K
  class space    used 12235K, capacity 13265K, committed 13360K, reserved 1048576K

