# JRE version: OpenJDK Runtime Environment (8.0_242-b01) (build 1.8.0_242-release-1644-b01)
# Java VM: OpenJDK 64-Bit Server VM (25.242-b01 mixed mode windows-amd64 compressed oops)
Heap:
 PSYoungGen      total 289280K, used 76959K [0x00000000d5580000, 0x00000000ea200000, 0x0000000100000000)
  eden space 256512K, 17% used [0x00000000d5580000,0x00000000d80ad680,0x00000000e5000000)
  from space 32768K, 99% used [0x00000000e7500000,0x00000000e94fa638,0x00000000e9500000)
  to   space 37888K, 0% used [0x00000000e5000000,0x00000000e5000000,0x00000000e7500000)
 ParOldGen       total 225280K, used 78405K [0x0000000080000000, 0x000000008dc00000, 0x00000000d5580000)
  object space 225280K, 34% used [0x0000000080000000,0x0000000084c916a0,0x000000008dc00000)
 Metaspace       used 88395K, capacity 94344K, committed 94488K, reserved 1130496K
  class space    used 12214K, capacity 13358K, committed 13360K, reserved 1048576K
GC Heap History (10 events):
Event: 8.304 GC heap before
{Heap before GC invocations=13 (full 3):
 PSYoungGen      total 202240K, used 16881K [0x00000000d5580000, 0x00000000e4c80000, 0x0000000100000000)
  eden space 185344K, 0% used [0x00000000d5580000,0x00000000d5580000,0x00000000e0a80000)
  from space 16896K, 99% used [0x00000000e1d00000,0x00000000e2d7c5a8,0x00000000e2d80000)
  to   space 18944K, 0% used [0x00000000e0a80000,0x00000000e0a80000,0x00000000e1d00000)
 ParOldGen       total 150528K, used 26669K [0x0000000080000000, 0x0000000089300000, 0x00000000d5580000)
  object space 150528K, 17% used [0x0000000080000000,0x0000000081a0b428,0x0000000089300000)
 Metaspace       used 56738K, capacity 59106K, committed 59160K, reserved 1099776K
  class space    used 7768K, capacity 8216K, committed 8240K, reserved 1048576K
Event: 8.517 GC heap after
Heap after GC invocations=13 (full 3):
 PSYoungGen      total 202240K, used 0K [0x00000000d5580000, 0x00000000e4c80000, 0x0000000100000000)
  eden space 185344K, 0% used [0x00000000d5580000,0x00000000d5580000,0x00000000e0a80000)
  from space 16896K, 0% used [0x00000000e1d00000,0x00000000e1d00000,0x00000000e2d80000)
  to   space 18944K, 0% used [0x00000000e0a80000,0x00000000e0a80000,0x00000000e1d00000)
 ParOldGen       total 225280K, used 31816K [0x0000000080000000, 0x000000008dc00000, 0x00000000d5580000)
  object space 225280K, 14% used [0x0000000080000000,0x0000000081f12390,0x000000008dc00000)
 Metaspace       used 56697K, capacity 58968K, committed 59160K, reserved 1099776K
  class space    used 7756K, capacity 8193K, committed 8240K, reserved 1048576K
}
Event: 10.458 GC heap before
{Heap before GC invocations=14 (full 3):
 PSYoungGen      total 202240K, used 185344K [0x00000000d5580000, 0x00000000e4c80000, 0x0000000100000000)
  eden space 185344K, 100% used [0x00000000d5580000,0x00000000e0a80000,0x00000000e0a80000)
  from space 16896K, 0% used [0x00000000e1d00000,0x00000000e1d00000,0x00000000e2d80000)
  to   space 18944K, 0% used [0x00000000e0a80000,0x00000000e0a80000,0x00000000e1d00000)
 ParOldGen       total 225280K, used 31816K [0x0000000080000000, 0x000000008dc00000, 0x00000000d5580000)
  object space 225280K, 14% used [0x0000000080000000,0x0000000081f12390,0x000000008dc00000)
 Metaspace       used 64525K, capacity 67766K, committed 67992K, reserved 1107968K
  class space    used 8939K, capacity 9546K, committed 9648K, reserved 1048576K
Event: 10.482 GC heap after
Heap after GC invocations=14 (full 3):
 PSYoungGen      total 204288K, used 18921K [0x00000000d5580000, 0x00000000e6000000, 0x0000000100000000)
  eden space 185344K, 0% used [0x00000000d5580000,0x00000000d5580000,0x00000000e0a80000)
  from space 18944K, 99% used [0x00000000e0a80000,0x00000000e1cfa4c0,0x00000000e1d00000)
  to   space 25088K, 0% used [0x00000000e4780000,0x00000000e4780000,0x00000000e6000000)
 ParOldGen       total 225280K, used 42148K [0x0000000080000000, 0x000000008dc00000, 0x00000000d5580000)
  object space 225280K, 18% used [0x0000000080000000,0x00000000829291d0,0x000000008dc00000)
 Metaspace       used 64525K, capacity 67766K, committed 67992K, reserved 1107968K
  class space    used 8939K, capacity 9546K, committed 9648K, reserved 1048576K
}
Event: 13.562 GC heap before
{Heap before GC invocations=15 (full 3):
 PSYoungGen      total 204288K, used 204265K [0x00000000d5580000, 0x00000000e6000000, 0x0000000100000000)
  eden space 185344K, 100% used [0x00000000d5580000,0x00000000e0a80000,0x00000000e0a80000)
  from space 18944K, 99% used [0x00000000e0a80000,0x00000000e1cfa4c0,0x00000000e1d00000)
  to   space 25088K, 0% used [0x00000000e4780000,0x00000000e4780000,0x00000000e6000000)
 ParOldGen       total 225280K, used 42148K [0x0000000080000000, 0x000000008dc00000, 0x00000000d5580000)
  object space 225280K, 18% used [0x0000000080000000,0x00000000829291d0,0x000000008dc00000)
 Metaspace       used 69424K, capacity 72992K, committed 73240K, reserved 1112064K
  class space    used 9528K, capacity 10183K, committed 10288K, reserved 1048576K
Event: 13.581 GC heap after
Heap after GC invocations=15 (full 3):
 PSYoungGen      total 240640K, used 25081K [0x00000000d5580000, 0x00000000e6a00000, 0x0000000100000000)
  eden space 215552K, 0% used [0x00000000d5580000,0x00000000d5580000,0x00000000e2800000)
  from space 25088K, 99% used [0x00000000e4780000,0x00000000e5ffe4d0,0x00000000e6000000)
  to   space 32256K, 0% used [0x00000000e2800000,0x00000000e2800000,0x00000000e4780000)
 ParOldGen       total 225280K, used 52093K [0x0000000080000000, 0x000000008dc00000, 0x00000000d5580000)
  object space 225280K, 23% used [0x0000000080000000,0x00000000832df698,0x000000008dc00000)
 Metaspace       used 69424K, capacity 72992K, committed 73240K, reserved 1112064K
  class space    used 9528K, capacity 10183K, committed 10288K, reserved 1048576K
}
Event: 15.222 GC heap before
{Heap before GC invocations=16 (full 3):
 PSYoungGen      total 240640K, used 240633K [0x00000000d5580000, 0x00000000e6a00000, 0x0000000100000000)
  eden space 215552K, 100% used [0x00000000d5580000,0x00000000e2800000,0x00000000e2800000)
  from space 25088K, 99% used [0x00000000e4780000,0x00000000e5ffe4d0,0x00000000e6000000)
  to   space 32256K, 0% used [0x00000000e2800000,0x00000000e2800000,0x00000000e4780000)
 ParOldGen       total 225280K, used 52093K [0x0000000080000000, 0x000000008dc00000, 0x00000000d5580000)
  object space 225280K, 23% used [0x0000000080000000,0x00000000832df698,0x000000008dc00000)
 Metaspace       used 77113K, capacity 80866K, committed 81048K, reserved 1120256K
  class space    used 10402K, capacity 11087K, committed 11184K, reserved 1048576K
Event: 15.272 GC heap after
Heap after GC invocations=16 (full 3):
 PSYoungGen      total 247808K, used 21634K [0x00000000d5580000, 0x00000000e9500000, 0x0000000100000000)
  eden space 215552K, 0% used [0x00000000d5580000,0x00000000d5580000,0x00000000e2800000)
  from space 32256K, 67% used [0x00000000e2800000,0x00000000e3d20b20,0x00000000e4780000)
  to   space 32768K, 0% used [0x00000000e7500000,0x00000000e7500000,0x00000000e9500000)
 ParOldGen       total 225280K, used 77193K [0x0000000080000000, 0x000000008dc00000, 0x00000000d5580000)
  object space 225280K, 34% used [0x0000000080000000,0x0000000084b62660,0x000000008dc00000)
 Metaspace       used 77113K, capacity 80866K, committed 81048K, reserved 1120256K
  class space    used 10402K, capacity 11087K, committed 11184K, reserved 1048576K
}
Event: 17.241 GC heap before
{Heap before GC invocations=17 (full 3):
 PSYoungGen      total 247808K, used 237186K [0x00000000d5580000, 0x00000000e9500000, 0x0000000100000000)
  eden space 215552K, 100% used [0x00000000d5580000,0x00000000e2800000,0x00000000e2800000)
  from space 32256K, 67% used [0x00000000e2800000,0x00000000e3d20b20,0x00000000e4780000)
  to   space 32768K, 0% used [0x00000000e7500000,0x00000000e7500000,0x00000000e9500000)
 ParOldGen       total 225280K, used 77193K [0x0000000080000000, 0x000000008dc00000, 0x00000000d5580000)
  object space 225280K, 34% used [0x0000000080000000,0x0000000084b62660,0x000000008dc00000)
 Metaspace       used 87674K, capacity 93540K, committed 93592K, reserved 1130496K
  class space    used 12088K, capacity 13222K, committed 13232K, reserved 1048576K
Event: 17.292 GC heap after
Heap after GC invocations=17 (full 3):
 PSYoungGen      total 289280K, used 32745K [0x00000000d5580000, 0x00000000ea200000, 0x0000000100000000)
  eden space 256512K, 0% used [0x00000000d5580000,0x00000000d5580000,0x00000000e5000000)
  from space 32768K, 99% used [0x00000000e7500000,0x00000000e94fa638,0x00000000e9500000)
  to   space 37888K, 0% used [0x00000000e5000000,0x00000000e5000000,0x00000000e7500000)
 ParOldGen       total 225280K, used 78405K [0x0000000080000000, 0x000000008dc00000, 0x00000000d5580000)
  object space 225280K, 34% used [0x0000000080000000,0x0000000084c916a0,0x000000008dc00000)
 Metaspace       used 87674K, capacity 93540K, committed 93592K, reserved 1130496K
  class space    used 12088K, capacity 13222K, committed 13232K, reserved 1048576K
}

