# JRE version: OpenJDK Runtime Environment (8.0_242-b01) (build 1.8.0_242-release-1644-b01)
# Java VM: OpenJDK 64-Bit Server VM (25.242-b01 mixed mode windows-amd64 compressed oops)
Heap:
 PSYoungGen      total 346112K, used 346106K [0x00000000d5580000, 0x00000000f1b00000, 0x0000000100000000)
  eden space 322560K, 100% used [0x00000000d5580000,0x00000000e9080000,0x00000000e9080000)
  from space 23552K, 99% used [0x00000000e9080000,0x00000000ea77e9c0,0x00000000ea780000)
  to   space 39424K, 96% used [0x00000000ef480000,0x00000000f19bc468,0x00000000f1b00000)
 ParOldGen       total 212992K, used 67228K [0x0000000080000000, 0x000000008d000000, 0x00000000d5580000)
  object space 212992K, 31% used [0x0000000080000000,0x00000000841a7308,0x000000008d000000)
 Metaspace       used 78710K, capacity 83000K, committed 83240K, reserved 1120256K
  class space    used 10726K, capacity 11539K, committed 11568K, reserved 1048576K
GC Heap History (10 events):
Event: 3.834 GC heap after
Heap after GC invocations=8 (full 2):
 PSYoungGen      total 235008K, used 0K [0x00000000d5580000, 0x00000000e4a00000, 0x0000000100000000)
  eden space 219136K, 0% used [0x00000000d5580000,0x00000000d5580000,0x00000000e2b80000)
  from space 15872K, 0% used [0x00000000e3a80000,0x00000000e3a80000,0x00000000e4a00000)
  to   space 15360K, 0% used [0x00000000e2b80000,0x00000000e2b80000,0x00000000e3a80000)
 ParOldGen       total 139776K, used 14594K [0x0000000080000000, 0x0000000088880000, 0x00000000d5580000)
  object space 139776K, 10% used [0x0000000080000000,0x0000000080e40ac0,0x0000000088880000)
 Metaspace       used 34360K, capacity 35416K, committed 35496K, reserved 1079296K
  class space    used 4735K, capacity 5003K, committed 5040K, reserved 1048576K
}
Event: 5.319 GC heap before
{Heap before GC invocations=9 (full 2):
 PSYoungGen      total 235008K, used 219136K [0x00000000d5580000, 0x00000000e4a00000, 0x0000000100000000)
  eden space 219136K, 100% used [0x00000000d5580000,0x00000000e2b80000,0x00000000e2b80000)
  from space 15872K, 0% used [0x00000000e3a80000,0x00000000e3a80000,0x00000000e4a00000)
  to   space 15360K, 0% used [0x00000000e2b80000,0x00000000e2b80000,0x00000000e3a80000)
 ParOldGen       total 139776K, used 14594K [0x0000000080000000, 0x0000000088880000, 0x00000000d5580000)
  object space 139776K, 10% used [0x0000000080000000,0x0000000080e40ac0,0x0000000088880000)
 Metaspace       used 46363K, capacity 48162K, committed 48424K, reserved 1091584K
  class space    used 6283K, capacity 6629K, committed 6704K, reserved 1048576K
Event: 5.332 GC heap after
Heap after GC invocations=9 (full 2):
 PSYoungGen      total 234496K, used 15351K [0x00000000d5580000, 0x00000000eb980000, 0x0000000100000000)
  eden space 219136K, 0% used [0x00000000d5580000,0x00000000d5580000,0x00000000e2b80000)
  from space 15360K, 99% used [0x00000000e2b80000,0x00000000e3a7df70,0x00000000e3a80000)
  to   space 18432K, 0% used [0x00000000ea780000,0x00000000ea780000,0x00000000eb980000)
 ParOldGen       total 139776K, used 16932K [0x0000000080000000, 0x0000000088880000, 0x00000000d5580000)
  object space 139776K, 12% used [0x0000000080000000,0x0000000081089130,0x0000000088880000)
 Metaspace       used 46363K, capacity 48162K, committed 48424K, reserved 1091584K
  class space    used 6283K, capacity 6629K, committed 6704K, reserved 1048576K
}
Event: 6.574 GC heap before
{Heap before GC invocations=10 (full 2):
 PSYoungGen      total 234496K, used 143307K [0x00000000d5580000, 0x00000000eb980000, 0x0000000100000000)
  eden space 219136K, 58% used [0x00000000d5580000,0x00000000dd274f40,0x00000000e2b80000)
  from space 15360K, 99% used [0x00000000e2b80000,0x00000000e3a7df70,0x00000000e3a80000)
  to   space 18432K, 0% used [0x00000000ea780000,0x00000000ea780000,0x00000000eb980000)
 ParOldGen       total 139776K, used 16932K [0x0000000080000000, 0x0000000088880000, 0x00000000d5580000)
  object space 139776K, 12% used [0x0000000080000000,0x0000000081089130,0x0000000088880000)
 Metaspace       used 56706K, capacity 59036K, committed 59160K, reserved 1099776K
  class space    used 7777K, capacity 8273K, committed 8368K, reserved 1048576K
Event: 6.599 GC heap after
Heap after GC invocations=10 (full 2):
 PSYoungGen      total 340992K, used 18409K [0x00000000d5580000, 0x00000000ec280000, 0x0000000100000000)
  eden space 322560K, 0% used [0x00000000d5580000,0x00000000d5580000,0x00000000e9080000)
  from space 18432K, 99% used [0x00000000ea780000,0x00000000eb97a750,0x00000000eb980000)
  to   space 23552K, 0% used [0x00000000e9080000,0x00000000e9080000,0x00000000ea780000)
 ParOldGen       total 139776K, used 22769K [0x0000000080000000, 0x0000000088880000, 0x00000000d5580000)
  object space 139776K, 16% used [0x0000000080000000,0x000000008163c7c8,0x0000000088880000)
 Metaspace       used 56706K, capacity 59036K, committed 59160K, reserved 1099776K
  class space    used 7777K, capacity 8273K, committed 8368K, reserved 1048576K
}
Event: 6.599 GC heap before
{Heap before GC invocations=11 (full 3):
 PSYoungGen      total 340992K, used 18409K [0x00000000d5580000, 0x00000000ec280000, 0x0000000100000000)
  eden space 322560K, 0% used [0x00000000d5580000,0x00000000d5580000,0x00000000e9080000)
  from space 18432K, 99% used [0x00000000ea780000,0x00000000eb97a750,0x00000000eb980000)
  to   space 23552K, 0% used [0x00000000e9080000,0x00000000e9080000,0x00000000ea780000)
 ParOldGen       total 139776K, used 22769K [0x0000000080000000, 0x0000000088880000, 0x00000000d5580000)
  object space 139776K, 16% used [0x0000000080000000,0x000000008163c7c8,0x0000000088880000)
 Metaspace       used 56706K, capacity 59036K, committed 59160K, reserved 1099776K
  class space    used 7777K, capacity 8273K, committed 8368K, reserved 1048576K
Event: 6.833 GC heap after
Heap after GC invocations=11 (full 3):
 PSYoungGen      total 340992K, used 0K [0x00000000d5580000, 0x00000000ec280000, 0x0000000100000000)
  eden space 322560K, 0% used [0x00000000d5580000,0x00000000d5580000,0x00000000e9080000)
  from space 18432K, 0% used [0x00000000ea780000,0x00000000ea780000,0x00000000eb980000)
  to   space 23552K, 0% used [0x00000000e9080000,0x00000000e9080000,0x00000000ea780000)
 ParOldGen       total 212992K, used 36076K [0x0000000080000000, 0x000000008d000000, 0x00000000d5580000)
  object space 212992K, 16% used [0x0000000080000000,0x000000008233b0c8,0x000000008d000000)
 Metaspace       used 56672K, capacity 58922K, committed 59160K, reserved 1099776K
  class space    used 7767K, capacity 8254K, committed 8368K, reserved 1048576K
}
Event: 9.624 GC heap before
{Heap before GC invocations=12 (full 3):
 PSYoungGen      total 340992K, used 322560K [0x00000000d5580000, 0x00000000ec280000, 0x0000000100000000)
  eden space 322560K, 100% used [0x00000000d5580000,0x00000000e9080000,0x00000000e9080000)
  from space 18432K, 0% used [0x00000000ea780000,0x00000000ea780000,0x00000000eb980000)
  to   space 23552K, 0% used [0x00000000e9080000,0x00000000e9080000,0x00000000ea780000)
 ParOldGen       total 212992K, used 36076K [0x0000000080000000, 0x000000008d000000, 0x00000000d5580000)
  object space 212992K, 16% used [0x0000000080000000,0x000000008233b0c8,0x000000008d000000)
 Metaspace       used 68261K, capacity 71782K, committed 71976K, reserved 1112064K
  class space    used 9541K, capacity 10198K, committed 10288K, reserved 1048576K
Event: 9.670 GC heap after
Heap after GC invocations=12 (full 3):
 PSYoungGen      total 346112K, used 23546K [0x00000000d5580000, 0x00000000f1b00000, 0x0000000100000000)
  eden space 322560K, 0% used [0x00000000d5580000,0x00000000d5580000,0x00000000e9080000)
  from space 23552K, 99% used [0x00000000e9080000,0x00000000ea77e9c0,0x00000000ea780000)
  to   space 39424K, 0% used [0x00000000ef480000,0x00000000ef480000,0x00000000f1b00000)
 ParOldGen       total 212992K, used 67220K [0x0000000080000000, 0x000000008d000000, 0x00000000d5580000)
  object space 212992K, 31% used [0x0000000080000000,0x00000000841a5308,0x000000008d000000)
 Metaspace       used 68261K, capacity 71782K, committed 71976K, reserved 1112064K
  class space    used 9541K, capacity 10198K, committed 10288K, reserved 1048576K
}
Event: 34.896 GC heap before
{Heap before GC invocations=13 (full 3):
 PSYoungGen      total 346112K, used 346106K [0x00000000d5580000, 0x00000000f1b00000, 0x0000000100000000)
  eden space 322560K, 100% used [0x00000000d5580000,0x00000000e9080000,0x00000000e9080000)
  from space 23552K, 99% used [0x00000000e9080000,0x00000000ea77e9c0,0x00000000ea780000)
  to   space 39424K, 0% used [0x00000000ef480000,0x00000000ef480000,0x00000000f1b00000)
 ParOldGen       total 212992K, used 67220K [0x0000000080000000, 0x000000008d000000, 0x00000000d5580000)
  object space 212992K, 31% used [0x0000000080000000,0x00000000841a5308,0x000000008d000000)
 Metaspace       used 78710K, capacity 83000K, committed 83240K, reserved 1120256K
  class space    used 10726K, capacity 11539K, committed 11568K, reserved 1048576K

